<?xml version="1.0" encoding="UTF-8"?>
<testsuite xmlns:xsi="http://www.w3.org/2001/XMLSchema-instance" xsi:noNamespaceSchemaLocation="https://maven.apache.org/surefire/maven-surefire-plugin/xsd/surefire-test-report.xsd" name="Bank.BankImplTest" time="4.409" tests="19" errors="0" skipped="0" failures="0">
  <properties>
    <property name="java.specification.version" value="13"/>
    <property name="sun.cpu.isalist" value="amd64"/>
    <property name="sun.jnu.encoding" value="Cp1250"/>
    <property name="java.class.path" value="C:\Users\matt3\Pulpit\java_biznes\target\test-classes;C:\Users\matt3\Pulpit\java_biznes\target\classes;C:\Users\matt3\.m2\repository\com\intuit\karate\karate-apache\0.9.4\karate-apache-0.9.4.jar;C:\Users\matt3\.m2\repository\com\intuit\karate\karate-core\0.9.4\karate-core-0.9.4.jar;C:\Users\matt3\.m2\repository\com\jayway\jsonpath\json-path\2.1.0\json-path-2.1.0.jar;C:\Users\matt3\.m2\repository\net\minidev\json-smart\2.2\json-smart-2.2.jar;C:\Users\matt3\.m2\repository\net\minidev\accessors-smart\1.1\accessors-smart-1.1.jar;C:\Users\matt3\.m2\repository\org\ow2\asm\asm\5.0.3\asm-5.0.3.jar;C:\Users\matt3\.m2\repository\info\cukes\cucumber-java\1.2.5\cucumber-java-1.2.5.jar;C:\Users\matt3\.m2\repository\info\cukes\cucumber-core\1.2.5\cucumber-core-1.2.5.jar;C:\Users\matt3\.m2\repository\org\yaml\snakeyaml\1.24\snakeyaml-1.24.jar;C:\Users\matt3\.m2\repository\de\siegmar\fastcsv\1.0.3\fastcsv-1.0.3.jar;C:\Users\matt3\.m2\repository\info\picocli\picocli\3.0.1\picocli-3.0.1.jar;C:\Users\matt3\.m2\repository\org\apache\httpcomponents\httpclient\4.5.5\httpclient-4.5.5.jar;C:\Users\matt3\.m2\repository\org\apache\httpcomponents\httpcore\4.4.9\httpcore-4.4.9.jar;C:\Users\matt3\.m2\repository\commons-codec\commons-codec\1.10\commons-codec-1.10.jar;C:\Users\matt3\.m2\repository\org\apache\httpcomponents\httpmime\4.5.5\httpmime-4.5.5.jar;C:\Users\matt3\.m2\repository\org\slf4j\jcl-over-slf4j\1.7.25\jcl-over-slf4j-1.7.25.jar;C:\Users\matt3\.m2\repository\org\slf4j\slf4j-api\1.7.25\slf4j-api-1.7.25.jar;C:\Users\matt3\.m2\repository\ch\qos\logback\logback-classic\1.2.3\logback-classic-1.2.3.jar;C:\Users\matt3\.m2\repository\ch\qos\logback\logback-core\1.2.3\logback-core-1.2.3.jar;C:\Users\matt3\.m2\repository\com\intuit\karate\karate-junit5\0.9.4\karate-junit5-0.9.4.jar;C:\Users\matt3\.m2\repository\org\junit\jupiter\junit-jupiter-api\5.4.0\junit-jupiter-api-5.4.0.jar;C:\Users\matt3\.m2\repository\org\opentest4j\opentest4j\1.1.1\opentest4j-1.1.1.jar;C:\Users\matt3\.m2\repository\org\junit\platform\junit-platform-commons\1.4.0\junit-platform-commons-1.4.0.jar;C:\Users\matt3\.m2\repository\org\junit\jupiter\junit-jupiter-engine\5.4.0\junit-jupiter-engine-5.4.0.jar;C:\Users\matt3\.m2\repository\org\apiguardian\apiguardian-api\1.0.0\apiguardian-api-1.0.0.jar;C:\Users\matt3\.m2\repository\org\junit\platform\junit-platform-engine\1.4.0\junit-platform-engine-1.4.0.jar;C:\Users\matt3\.m2\repository\org\apache\logging\log4j\log4j-api\2.6.1\log4j-api-2.6.1.jar;C:\Users\matt3\.m2\repository\org\apache\logging\log4j\log4j-core\2.6.1\log4j-core-2.6.1.jar;C:\Users\matt3\.m2\repository\com\h2database\h2\2.1.210\h2-2.1.210.jar;C:\Users\matt3\.m2\repository\org\eclipse\persistence\eclipselink\2.7.6\eclipselink-2.7.6.jar;C:\Users\matt3\.m2\repository\org\eclipse\persistence\jakarta.persistence\2.2.3\jakarta.persistence-2.2.3.jar;C:\Users\matt3\.m2\repository\org\eclipse\persistence\commonj.sdo\2.1.1\commonj.sdo-2.1.1.jar;C:\Users\matt3\.m2\repository\org\eclipse\persistence\javax.persistence\2.2.1\javax.persistence-2.2.1.jar;C:\Users\matt3\.m2\repository\org\hibernate\hibernate-entitymanager\4.2.6.Final\hibernate-entitymanager-4.2.6.Final.jar;C:\Users\matt3\.m2\repository\org\jboss\logging\jboss-logging\3.1.0.GA\jboss-logging-3.1.0.GA.jar;C:\Users\matt3\.m2\repository\dom4j\dom4j\1.6.1\dom4j-1.6.1.jar;C:\Users\matt3\.m2\repository\org\jboss\spec\javax\transaction\jboss-transaction-api_1.1_spec\1.0.1.Final\jboss-transaction-api_1.1_spec-1.0.1.Final.jar;C:\Users\matt3\.m2\repository\org\hibernate\javax\persistence\hibernate-jpa-2.0-api\1.0.1.Final\hibernate-jpa-2.0-api-1.0.1.Final.jar;C:\Users\matt3\.m2\repository\org\hibernate\hibernate-core\4.2.6.Final\hibernate-core-4.2.6.Final.jar;C:\Users\matt3\.m2\repository\antlr\antlr\2.7.7\antlr-2.7.7.jar;C:\Users\matt3\.m2\repository\org\hibernate\common\hibernate-commons-annotations\4.0.2.Final\hibernate-commons-annotations-4.0.2.Final.jar;C:\Users\matt3\.m2\repository\org\javassist\javassist\3.15.0-GA\javassist-3.15.0-GA.jar;"/>
    <property name="java.vm.vendor" value="Oracle Corporation"/>
    <property name="sun.arch.data.model" value="64"/>
    <property name="user.variant" value=""/>
    <property name="java.vendor.url" value="https://java.oracle.com/"/>
    <property name="user.timezone" value="Europe/Warsaw"/>
    <property name="os.name" value="Windows 10"/>
    <property name="java.vm.specification.version" value="13"/>
    <property name="sun.java.launcher" value="SUN_STANDARD"/>
    <property name="user.country" value="PL"/>
    <property name="sun.boot.library.path" value="D:\Program Files\Java\jdk-13.0.2\bin"/>
    <property name="sun.java.command" value="C:\Users\matt3\AppData\Local\Temp\surefire18089716662033602620\surefirebooter4556467272618865455.jar C:\Users\matt3\AppData\Local\Temp\surefire18089716662033602620 2022-04-09T15-36-10_295-jvmRun1 surefire9195207154804457316tmp surefire_01778438275021238175tmp"/>
    <property name="jdk.debug" value="release"/>
    <property name="surefire.test.class.path" value="C:\Users\matt3\Pulpit\java_biznes\target\test-classes;C:\Users\matt3\Pulpit\java_biznes\target\classes;C:\Users\matt3\.m2\repository\com\intuit\karate\karate-apache\0.9.4\karate-apache-0.9.4.jar;C:\Users\matt3\.m2\repository\com\intuit\karate\karate-core\0.9.4\karate-core-0.9.4.jar;C:\Users\matt3\.m2\repository\com\jayway\jsonpath\json-path\2.1.0\json-path-2.1.0.jar;C:\Users\matt3\.m2\repository\net\minidev\json-smart\2.2\json-smart-2.2.jar;C:\Users\matt3\.m2\repository\net\minidev\accessors-smart\1.1\accessors-smart-1.1.jar;C:\Users\matt3\.m2\repository\org\ow2\asm\asm\5.0.3\asm-5.0.3.jar;C:\Users\matt3\.m2\repository\info\cukes\cucumber-java\1.2.5\cucumber-java-1.2.5.jar;C:\Users\matt3\.m2\repository\info\cukes\cucumber-core\1.2.5\cucumber-core-1.2.5.jar;C:\Users\matt3\.m2\repository\org\yaml\snakeyaml\1.24\snakeyaml-1.24.jar;C:\Users\matt3\.m2\repository\de\siegmar\fastcsv\1.0.3\fastcsv-1.0.3.jar;C:\Users\matt3\.m2\repository\info\picocli\picocli\3.0.1\picocli-3.0.1.jar;C:\Users\matt3\.m2\repository\org\apache\httpcomponents\httpclient\4.5.5\httpclient-4.5.5.jar;C:\Users\matt3\.m2\repository\org\apache\httpcomponents\httpcore\4.4.9\httpcore-4.4.9.jar;C:\Users\matt3\.m2\repository\commons-codec\commons-codec\1.10\commons-codec-1.10.jar;C:\Users\matt3\.m2\repository\org\apache\httpcomponents\httpmime\4.5.5\httpmime-4.5.5.jar;C:\Users\matt3\.m2\repository\org\slf4j\jcl-over-slf4j\1.7.25\jcl-over-slf4j-1.7.25.jar;C:\Users\matt3\.m2\repository\org\slf4j\slf4j-api\1.7.25\slf4j-api-1.7.25.jar;C:\Users\matt3\.m2\repository\ch\qos\logback\logback-classic\1.2.3\logback-classic-1.2.3.jar;C:\Users\matt3\.m2\repository\ch\qos\logback\logback-core\1.2.3\logback-core-1.2.3.jar;C:\Users\matt3\.m2\repository\com\intuit\karate\karate-junit5\0.9.4\karate-junit5-0.9.4.jar;C:\Users\matt3\.m2\repository\org\junit\jupiter\junit-jupiter-api\5.4.0\junit-jupiter-api-5.4.0.jar;C:\Users\matt3\.m2\repository\org\opentest4j\opentest4j\1.1.1\opentest4j-1.1.1.jar;C:\Users\matt3\.m2\repository\org\junit\platform\junit-platform-commons\1.4.0\junit-platform-commons-1.4.0.jar;C:\Users\matt3\.m2\repository\org\junit\jupiter\junit-jupiter-engine\5.4.0\junit-jupiter-engine-5.4.0.jar;C:\Users\matt3\.m2\repository\org\apiguardian\apiguardian-api\1.0.0\apiguardian-api-1.0.0.jar;C:\Users\matt3\.m2\repository\org\junit\platform\junit-platform-engine\1.4.0\junit-platform-engine-1.4.0.jar;C:\Users\matt3\.m2\repository\org\apache\logging\log4j\log4j-api\2.6.1\log4j-api-2.6.1.jar;C:\Users\matt3\.m2\repository\org\apache\logging\log4j\log4j-core\2.6.1\log4j-core-2.6.1.jar;C:\Users\matt3\.m2\repository\com\h2database\h2\2.1.210\h2-2.1.210.jar;C:\Users\matt3\.m2\repository\org\eclipse\persistence\eclipselink\2.7.6\eclipselink-2.7.6.jar;C:\Users\matt3\.m2\repository\org\eclipse\persistence\jakarta.persistence\2.2.3\jakarta.persistence-2.2.3.jar;C:\Users\matt3\.m2\repository\org\eclipse\persistence\commonj.sdo\2.1.1\commonj.sdo-2.1.1.jar;C:\Users\matt3\.m2\repository\org\eclipse\persistence\javax.persistence\2.2.1\javax.persistence-2.2.1.jar;C:\Users\matt3\.m2\repository\org\hibernate\hibernate-entitymanager\4.2.6.Final\hibernate-entitymanager-4.2.6.Final.jar;C:\Users\matt3\.m2\repository\org\jboss\logging\jboss-logging\3.1.0.GA\jboss-logging-3.1.0.GA.jar;C:\Users\matt3\.m2\repository\dom4j\dom4j\1.6.1\dom4j-1.6.1.jar;C:\Users\matt3\.m2\repository\org\jboss\spec\javax\transaction\jboss-transaction-api_1.1_spec\1.0.1.Final\jboss-transaction-api_1.1_spec-1.0.1.Final.jar;C:\Users\matt3\.m2\repository\org\hibernate\javax\persistence\hibernate-jpa-2.0-api\1.0.1.Final\hibernate-jpa-2.0-api-1.0.1.Final.jar;C:\Users\matt3\.m2\repository\org\hibernate\hibernate-core\4.2.6.Final\hibernate-core-4.2.6.Final.jar;C:\Users\matt3\.m2\repository\antlr\antlr\2.7.7\antlr-2.7.7.jar;C:\Users\matt3\.m2\repository\org\hibernate\common\hibernate-commons-annotations\4.0.2.Final\hibernate-commons-annotations-4.0.2.Final.jar;C:\Users\matt3\.m2\repository\org\javassist\javassist\3.15.0-GA\javassist-3.15.0-GA.jar;"/>
    <property name="sun.cpu.endian" value="little"/>
    <property name="user.home" value="C:\Users\matt3"/>
    <property name="user.language" value="pl"/>
    <property name="java.specification.vendor" value="Oracle Corporation"/>
    <property name="java.version.date" value="2020-01-14"/>
    <property name="java.home" value="D:\Program Files\Java\jdk-13.0.2"/>
    <property name="file.separator" value="\"/>
    <property name="basedir" value="C:\Users\matt3\Pulpit\java_biznes"/>
    <property name="java.vm.compressedOopsMode" value="32-bit"/>
    <property name="line.separator" value="&#10;"/>
    <property name="java.vm.specification.vendor" value="Oracle Corporation"/>
    <property name="java.specification.name" value="Java Platform API Specification"/>
    <property name="surefire.real.class.path" value="C:\Users\matt3\AppData\Local\Temp\surefire18089716662033602620\surefirebooter4556467272618865455.jar"/>
    <property name="user.script" value=""/>
    <property name="sun.management.compiler" value="HotSpot 64-Bit Tiered Compilers"/>
    <property name="java.runtime.version" value="13.0.2+8"/>
    <property name="user.name" value="matt3"/>
    <property name="path.separator" value=";"/>
    <property name="os.version" value="10.0"/>
    <property name="java.runtime.name" value="Java(TM) SE Runtime Environment"/>
    <property name="file.encoding" value="Cp1250"/>
    <property name="java.vm.name" value="Java HotSpot(TM) 64-Bit Server VM"/>
    <property name="localRepository" value="C:\Users\matt3\.m2\repository"/>
    <property name="java.vendor.url.bug" value="https://bugreport.java.com/bugreport/"/>
    <property name="java.io.tmpdir" value="C:\Users\matt3\AppData\Local\Temp\"/>
    <property name="idea.version" value="2021.3.3"/>
    <property name="java.version" value="13.0.2"/>
    <property name="user.dir" value="C:\Users\matt3\Pulpit\java_biznes"/>
    <property name="os.arch" value="amd64"/>
    <property name="java.vm.specification.name" value="Java Virtual Machine Specification"/>
    <property name="sun.os.patch.level" value=""/>
    <property name="java.library.path" value="D:\Program Files\Java\jdk-13.0.2\bin;C:\Windows\Sun\Java\bin;C:\Windows\system32;C:\Windows;C:\Program Files\Common Files\Oracle\Java\javapath;C:\Windows\system32;C:\Windows;C:\Windows\System32\Wbem;C:\Windows\System32\WindowsPowerShell\v1.0\;C:\Windows\System32\OpenSSH\;C:\Program Files\Git\cmd;C:\Program Files (x86)\Microsoft SQL Server\150\DTS\Binn\;C:\Program Files\Azure Data Studio\bin;C:\Program Files\dotnet\;C:\Users\matt3\AppData\Local\Microsoft\WindowsApps;;C:\intelFPGA_lite\18.1\modelsim_ase\win32aloem;C:\Users\matt3\AppData\Local\Programs\Microsoft VS Code\bin;C:\Program Files\Azure Data Studio\bin;C:\Users\matt3\.dotnet\tools;."/>
    <property name="java.vm.info" value="mixed mode, sharing"/>
    <property name="java.vendor" value="Oracle Corporation"/>
    <property name="java.vm.version" value="13.0.2+8"/>
    <property name="sun.io.unicode.encoding" value="UnicodeLittle"/>
    <property name="java.class.version" value="57.0"/>
  </properties>
  <testcase name="transfer2" classname="Bank.BankImplTest$Transfer" time="3.811"/>
  <testcase name="transfer3" classname="Bank.BankImplTest$Transfer" time="0.021"/>
  <testcase name="transfer4" classname="Bank.BankImplTest$Transfer" time="0.02"/>
  <testcase name="transfer" classname="Bank.BankImplTest$Transfer" time="0.107"/>
  <testcase name="withdraw" classname="Bank.BankImplTest$Withdraw" time="0.042"/>
  <testcase name="withdraw2" classname="Bank.BankImplTest$Withdraw" time="0.014"/>
  <testcase name="withdraw3" classname="Bank.BankImplTest$Withdraw" time="0.029"/>
  <testcase name="withdraw4" classname="Bank.BankImplTest$Withdraw" time="0.024"/>
  <testcase name="getBalance2" classname="Bank.BankImplTest$getBalance" time="0.026"/>
  <testcase name="getBalance3" classname="Bank.BankImplTest$getBalance" time="0.016"/>
  <testcase name="getBalance" classname="Bank.BankImplTest$getBalance" time="0.016"/>
  <testcase name="deposit2" classname="Bank.BankImplTest$Deposit" time="0.034"/>
  <testcase name="deposit3" classname="Bank.BankImplTest$Deposit" time="0.011"/>
  <testcase name="deposit4" classname="Bank.BankImplTest$Deposit" time="0.024"/>
  <testcase name="deposit" classname="Bank.BankImplTest$Deposit" time="0.031"/>
  <testcase name="findAccount2" classname="Bank.BankImplTest$FindAccount" time="0.05"/>
  <testcase name="findAccount" classname="Bank.BankImplTest$FindAccount" time="0.005"/>
  <testcase name="createAccount2" classname="Bank.BankImplTest$CreateAccount" time="0.037"/>
  <testcase name="createAccount" classname="Bank.BankImplTest$CreateAccount" time="0.043"/>
</testsuite>