<?xml version="1.0" encoding="UTF-8"?>
<testsuite xmlns:xsi="http://www.w3.org/2001/XMLSchema-instance" xsi:noNamespaceSchemaLocation="https://maven.apache.org/surefire/maven-surefire-plugin/xsd/surefire-test-report.xsd" name="Bank.BankImplTest" time="0.208" tests="19" errors="0" skipped="0" failures="0">
  <properties>
    <property name="sun.desktop" value="windows"/>
    <property name="awt.toolkit" value="sun.awt.windows.WToolkit"/>
    <property name="java.specification.version" value="11"/>
    <property name="sun.cpu.isalist" value="amd64"/>
    <property name="sun.jnu.encoding" value="Cp1250"/>
    <property name="java.class.path" value="C:\Users\matt3\Downloads\przyklad\zad_1\target\test-classes;C:\Users\matt3\Downloads\przyklad\zad_1\target\classes;C:\Users\matt3\.m2\repository\com\intuit\karate\karate-apache\0.9.4\karate-apache-0.9.4.jar;C:\Users\matt3\.m2\repository\com\intuit\karate\karate-core\0.9.4\karate-core-0.9.4.jar;C:\Users\matt3\.m2\repository\com\jayway\jsonpath\json-path\2.1.0\json-path-2.1.0.jar;C:\Users\matt3\.m2\repository\net\minidev\json-smart\2.2\json-smart-2.2.jar;C:\Users\matt3\.m2\repository\net\minidev\accessors-smart\1.1\accessors-smart-1.1.jar;C:\Users\matt3\.m2\repository\org\ow2\asm\asm\5.0.3\asm-5.0.3.jar;C:\Users\matt3\.m2\repository\info\cukes\cucumber-java\1.2.5\cucumber-java-1.2.5.jar;C:\Users\matt3\.m2\repository\info\cukes\cucumber-core\1.2.5\cucumber-core-1.2.5.jar;C:\Users\matt3\.m2\repository\org\yaml\snakeyaml\1.24\snakeyaml-1.24.jar;C:\Users\matt3\.m2\repository\de\siegmar\fastcsv\1.0.3\fastcsv-1.0.3.jar;C:\Users\matt3\.m2\repository\info\picocli\picocli\3.0.1\picocli-3.0.1.jar;C:\Users\matt3\.m2\repository\org\apache\httpcomponents\httpclient\4.5.5\httpclient-4.5.5.jar;C:\Users\matt3\.m2\repository\org\apache\httpcomponents\httpcore\4.4.9\httpcore-4.4.9.jar;C:\Users\matt3\.m2\repository\commons-codec\commons-codec\1.10\commons-codec-1.10.jar;C:\Users\matt3\.m2\repository\org\apache\httpcomponents\httpmime\4.5.5\httpmime-4.5.5.jar;C:\Users\matt3\.m2\repository\org\slf4j\jcl-over-slf4j\1.7.25\jcl-over-slf4j-1.7.25.jar;C:\Users\matt3\.m2\repository\org\slf4j\slf4j-api\1.7.25\slf4j-api-1.7.25.jar;C:\Users\matt3\.m2\repository\ch\qos\logback\logback-classic\1.2.3\logback-classic-1.2.3.jar;C:\Users\matt3\.m2\repository\ch\qos\logback\logback-core\1.2.3\logback-core-1.2.3.jar;C:\Users\matt3\.m2\repository\com\intuit\karate\karate-junit5\0.9.4\karate-junit5-0.9.4.jar;C:\Users\matt3\.m2\repository\org\junit\jupiter\junit-jupiter-api\5.4.0\junit-jupiter-api-5.4.0.jar;C:\Users\matt3\.m2\repository\org\opentest4j\opentest4j\1.1.1\opentest4j-1.1.1.jar;C:\Users\matt3\.m2\repository\org\junit\platform\junit-platform-commons\1.4.0\junit-platform-commons-1.4.0.jar;C:\Users\matt3\.m2\repository\org\junit\jupiter\junit-jupiter-engine\5.4.0\junit-jupiter-engine-5.4.0.jar;C:\Users\matt3\.m2\repository\org\apiguardian\apiguardian-api\1.0.0\apiguardian-api-1.0.0.jar;C:\Users\matt3\.m2\repository\org\junit\platform\junit-platform-engine\1.4.0\junit-platform-engine-1.4.0.jar;C:\Users\matt3\.m2\repository\org\apache\logging\log4j\log4j-api\2.6.1\log4j-api-2.6.1.jar;C:\Users\matt3\.m2\repository\org\apache\logging\log4j\log4j-core\2.6.1\log4j-core-2.6.1.jar;"/>
    <property name="java.vm.vendor" value="Amazon.com Inc."/>
    <property name="sun.arch.data.model" value="64"/>
    <property name="user.variant" value=""/>
    <property name="java.vendor.url" value="https://aws.amazon.com/corretto/"/>
    <property name="user.timezone" value="Europe/Belgrade"/>
    <property name="java.vm.specification.version" value="11"/>
    <property name="os.name" value="Windows 10"/>
    <property name="sun.java.launcher" value="SUN_STANDARD"/>
    <property name="user.country" value="PL"/>
    <property name="sun.boot.library.path" value="C:\Users\matt3\.jdks\corretto-11.0.14.1\bin"/>
    <property name="sun.java.command" value="C:\Users\matt3\AppData\Local\Temp\surefire13436590057714019086\surefirebooter16575774881845766814.jar C:\Users\matt3\AppData\Local\Temp\surefire13436590057714019086 2022-03-11T12-46-01_644-jvmRun1 surefire9232873437527685240tmp surefire_02973543235846441960tmp"/>
    <property name="jdk.debug" value="release"/>
    <property name="surefire.test.class.path" value="C:\Users\matt3\Downloads\przyklad\zad_1\target\test-classes;C:\Users\matt3\Downloads\przyklad\zad_1\target\classes;C:\Users\matt3\.m2\repository\com\intuit\karate\karate-apache\0.9.4\karate-apache-0.9.4.jar;C:\Users\matt3\.m2\repository\com\intuit\karate\karate-core\0.9.4\karate-core-0.9.4.jar;C:\Users\matt3\.m2\repository\com\jayway\jsonpath\json-path\2.1.0\json-path-2.1.0.jar;C:\Users\matt3\.m2\repository\net\minidev\json-smart\2.2\json-smart-2.2.jar;C:\Users\matt3\.m2\repository\net\minidev\accessors-smart\1.1\accessors-smart-1.1.jar;C:\Users\matt3\.m2\repository\org\ow2\asm\asm\5.0.3\asm-5.0.3.jar;C:\Users\matt3\.m2\repository\info\cukes\cucumber-java\1.2.5\cucumber-java-1.2.5.jar;C:\Users\matt3\.m2\repository\info\cukes\cucumber-core\1.2.5\cucumber-core-1.2.5.jar;C:\Users\matt3\.m2\repository\org\yaml\snakeyaml\1.24\snakeyaml-1.24.jar;C:\Users\matt3\.m2\repository\de\siegmar\fastcsv\1.0.3\fastcsv-1.0.3.jar;C:\Users\matt3\.m2\repository\info\picocli\picocli\3.0.1\picocli-3.0.1.jar;C:\Users\matt3\.m2\repository\org\apache\httpcomponents\httpclient\4.5.5\httpclient-4.5.5.jar;C:\Users\matt3\.m2\repository\org\apache\httpcomponents\httpcore\4.4.9\httpcore-4.4.9.jar;C:\Users\matt3\.m2\repository\commons-codec\commons-codec\1.10\commons-codec-1.10.jar;C:\Users\matt3\.m2\repository\org\apache\httpcomponents\httpmime\4.5.5\httpmime-4.5.5.jar;C:\Users\matt3\.m2\repository\org\slf4j\jcl-over-slf4j\1.7.25\jcl-over-slf4j-1.7.25.jar;C:\Users\matt3\.m2\repository\org\slf4j\slf4j-api\1.7.25\slf4j-api-1.7.25.jar;C:\Users\matt3\.m2\repository\ch\qos\logback\logback-classic\1.2.3\logback-classic-1.2.3.jar;C:\Users\matt3\.m2\repository\ch\qos\logback\logback-core\1.2.3\logback-core-1.2.3.jar;C:\Users\matt3\.m2\repository\com\intuit\karate\karate-junit5\0.9.4\karate-junit5-0.9.4.jar;C:\Users\matt3\.m2\repository\org\junit\jupiter\junit-jupiter-api\5.4.0\junit-jupiter-api-5.4.0.jar;C:\Users\matt3\.m2\repository\org\opentest4j\opentest4j\1.1.1\opentest4j-1.1.1.jar;C:\Users\matt3\.m2\repository\org\junit\platform\junit-platform-commons\1.4.0\junit-platform-commons-1.4.0.jar;C:\Users\matt3\.m2\repository\org\junit\jupiter\junit-jupiter-engine\5.4.0\junit-jupiter-engine-5.4.0.jar;C:\Users\matt3\.m2\repository\org\apiguardian\apiguardian-api\1.0.0\apiguardian-api-1.0.0.jar;C:\Users\matt3\.m2\repository\org\junit\platform\junit-platform-engine\1.4.0\junit-platform-engine-1.4.0.jar;C:\Users\matt3\.m2\repository\org\apache\logging\log4j\log4j-api\2.6.1\log4j-api-2.6.1.jar;C:\Users\matt3\.m2\repository\org\apache\logging\log4j\log4j-core\2.6.1\log4j-core-2.6.1.jar;"/>
    <property name="sun.cpu.endian" value="little"/>
    <property name="user.home" value="C:\Users\matt3"/>
    <property name="user.language" value="pl"/>
    <property name="java.specification.vendor" value="Oracle Corporation"/>
    <property name="java.version.date" value="2022-02-08"/>
    <property name="java.home" value="C:\Users\matt3\.jdks\corretto-11.0.14.1"/>
    <property name="file.separator" value="\"/>
    <property name="basedir" value="C:\Users\matt3\Downloads\przyklad\zad_1"/>
    <property name="java.vm.compressedOopsMode" value="32-bit"/>
    <property name="line.separator" value="&#10;"/>
    <property name="java.specification.name" value="Java Platform API Specification"/>
    <property name="java.vm.specification.vendor" value="Oracle Corporation"/>
    <property name="java.awt.graphicsenv" value="sun.awt.Win32GraphicsEnvironment"/>
    <property name="surefire.real.class.path" value="C:\Users\matt3\AppData\Local\Temp\surefire13436590057714019086\surefirebooter16575774881845766814.jar"/>
    <property name="user.script" value=""/>
    <property name="sun.management.compiler" value="HotSpot 64-Bit Tiered Compilers"/>
    <property name="java.runtime.version" value="11.0.14.1+10-LTS"/>
    <property name="user.name" value="matt3"/>
    <property name="path.separator" value=";"/>
    <property name="os.version" value="10.0"/>
    <property name="java.runtime.name" value="OpenJDK Runtime Environment"/>
    <property name="file.encoding" value="Cp1250"/>
    <property name="java.vm.name" value="OpenJDK 64-Bit Server VM"/>
    <property name="java.vendor.version" value="Corretto-11.0.14.10.1"/>
    <property name="localRepository" value="C:\Users\matt3\.m2\repository"/>
    <property name="java.vendor.url.bug" value="https://github.com/corretto/corretto-11/issues/"/>
    <property name="java.io.tmpdir" value="C:\Users\matt3\AppData\Local\Temp\"/>
    <property name="idea.version" value="2021.3.2"/>
    <property name="java.version" value="11.0.14.1"/>
    <property name="user.dir" value="C:\Users\matt3\Downloads\przyklad\zad_1"/>
    <property name="os.arch" value="amd64"/>
    <property name="java.vm.specification.name" value="Java Virtual Machine Specification"/>
    <property name="java.awt.printerjob" value="sun.awt.windows.WPrinterJob"/>
    <property name="sun.os.patch.level" value=""/>
    <property name="java.library.path" value="C:\Users\matt3\.jdks\corretto-11.0.14.1\bin;C:\Windows\Sun\Java\bin;C:\Windows\system32;C:\Windows;C:\Users\matt3\Downloads\oracle\bin;C:\Program Files (x86)\Common Files\Oracle\Java\javapath;C:\Users\matt3\Downloads\bin;C:\Program Files (x86)\Git\bin;C:\Program Files\nodejs\;C:\sqlite3\;C:\TDM-GCC-64\bin;;c:\windows\system32;C:\Program Files\dotnet\;C:\Users\matt3\AppData\Local\Microsoft\WindowsApps;C:\Users\matt3\AppData\Roaming\npm;C:\Users\matt3\AppData\Local\Programs\Microsoft VS Code\bin;C:\Program Files\heroku\bin;C:\Users\matt3\AppData\Local\atom\bin;C:\Program Files\JetBrains\WebStorm 2021.3\bin;;C:\intelFPGA_lite\18.1\modelsim_ase\win32aloem;C:\Users\matt3\.dotnet\tools;."/>
    <property name="java.vm.info" value="mixed mode"/>
    <property name="java.vendor" value="Amazon.com Inc."/>
    <property name="java.vm.version" value="11.0.14.1+10-LTS"/>
    <property name="sun.io.unicode.encoding" value="UnicodeLittle"/>
    <property name="java.class.version" value="55.0"/>
  </properties>
  <testcase name="transfer2" classname="Bank.BankImplTest$Transfer" time="0.042"/>
  <testcase name="transfer3" classname="Bank.BankImplTest$Transfer" time="0"/>
  <testcase name="transfer" classname="Bank.BankImplTest$Transfer" time="0"/>
  <testcase name="withdraw" classname="Bank.BankImplTest$Withdraw" time="0"/>
  <testcase name="withdraw2" classname="Bank.BankImplTest$Withdraw" time="0.008"/>
  <testcase name="withdraw3" classname="Bank.BankImplTest$Withdraw" time="0.004"/>
  <testcase name="withdraw4" classname="Bank.BankImplTest$Withdraw" time="0"/>
  <testcase name="getBalance2" classname="Bank.BankImplTest$getBalance" time="0"/>
  <testcase name="getBalance3" classname="Bank.BankImplTest$getBalance" time="0"/>
  <testcase name="getBalance4" classname="Bank.BankImplTest$getBalance" time="0.005"/>
  <testcase name="getBalance" classname="Bank.BankImplTest$getBalance" time="0"/>
  <testcase name="deposit2" classname="Bank.BankImplTest$Deposit" time="0"/>
  <testcase name="deposit3" classname="Bank.BankImplTest$Deposit" time="0.002"/>
  <testcase name="deposit4" classname="Bank.BankImplTest$Deposit" time="0.004"/>
  <testcase name="deposit" classname="Bank.BankImplTest$Deposit" time="0"/>
  <testcase name="findAccount2" classname="Bank.BankImplTest$FindAccount" time="0.001"/>
  <testcase name="findAccount" classname="Bank.BankImplTest$FindAccount" time="0"/>
  <testcase name="createAccount2" classname="Bank.BankImplTest$CreateAccount" time="0.001"/>
  <testcase name="createAccount" classname="Bank.BankImplTest$CreateAccount" time="0.003"/>
</testsuite>